<?xml version="1.0" encoding="UTF-8"?>
<!-- Generated by org.testng.reporters.JUnitReportReporter -->
<testsuite hostname="DESKTOP-6NURCCG" failures="0" tests="1" name="com.ohrm.login.LoginPageTest" time="11.208" errors="0" timestamp="2022-12-07T10:27:29 EST" skipped="0">
  <testcase classname="com.ohrm.login.LoginPageTest" name="positiveScenarioExecution" time="11.208"/>
  <system-out/>
</testsuite> <!-- com.ohrm.login.LoginPageTest -->
