<?xml version="1.0" encoding="UTF-8"?>
<!-- Generated by org.testng.reporters.JUnitReportReporter -->
<testsuite hostname="DESKTOP-6NURCCG" failures="0" tests="1" name="com.ohrm.login.LoginPageTest" time="13.255" errors="0" timestamp="2022-12-07T11:59:56 EST" skipped="0">
  <testcase classname="com.ohrm.login.LoginPageTest" name="positiveScenarioExecution" time="13.255"/>
  <system-out/>
</testsuite> <!-- com.ohrm.login.LoginPageTest -->
